mode: atomic
github.com/Ethernal-Tech/cardano-api/main.go:7.13,9.2 1 0
github.com/Ethernal-Tech/cardano-api/api/api.go:36.3,43.41 5 0
github.com/Ethernal-Tech/cardano-api/api/api.go:43.41,47.38 3 0
github.com/Ethernal-Tech/cardano-api/api/api.go:47.38,51.30 3 0
github.com/Ethernal-Tech/cardano-api/api/api.go:51.30,53.5 1 0
github.com/Ethernal-Tech/cardano-api/api/api.go:55.4,59.96 3 0
github.com/Ethernal-Tech/cardano-api/api/api.go:63.2,70.8 2 0
github.com/Ethernal-Tech/cardano-api/api/api.go:73.29,78.53 1 0
github.com/Ethernal-Tech/cardano-api/api/api.go:78.53,82.4 2 0
github.com/Ethernal-Tech/cardano-api/api/api.go:83.70,87.4 2 0
github.com/Ethernal-Tech/cardano-api/api/api.go:90.2,92.81 2 0
github.com/Ethernal-Tech/cardano-api/api/api.go:92.81,96.48 3 0
github.com/Ethernal-Tech/cardano-api/api/api.go:96.48,98.4 1 0
github.com/Ethernal-Tech/cardano-api/api/api.go:100.3,102.13 2 0
github.com/Ethernal-Tech/cardano-api/api/api.go:104.2,104.16 1 0
github.com/Ethernal-Tech/cardano-api/api/api.go:104.16,106.3 1 0
github.com/Ethernal-Tech/cardano-api/api/api.go:108.2,109.28 2 0
github.com/Ethernal-Tech/cardano-api/api/api.go:112.37,116.16 3 0
github.com/Ethernal-Tech/cardano-api/api/api.go:116.16,118.3 1 0
github.com/Ethernal-Tech/cardano-api/api/api.go:120.2,122.9 2 0
github.com/Ethernal-Tech/cardano-api/api/api.go:123.37,126.44 2 0
github.com/Ethernal-Tech/cardano-api/api/api.go:126.44,128.4 1 0
github.com/Ethernal-Tech/cardano-api/api/api.go:130.3,130.44 1 0
github.com/Ethernal-Tech/cardano-api/api/api.go:131.28,131.28 0 0
github.com/Ethernal-Tech/cardano-api/api/api.go:134.2,136.34 2 0
github.com/Ethernal-Tech/cardano-api/api/api.go:139.113,140.54 1 0
github.com/Ethernal-Tech/cardano-api/api/api.go:140.54,144.3 3 0
github.com/Ethernal-Tech/cardano-api/api/api.go:149.27,150.54 1 0
github.com/Ethernal-Tech/cardano-api/api/api.go:150.54,152.30 2 0
github.com/Ethernal-Tech/cardano-api/api/api.go:152.30,156.4 2 0
github.com/Ethernal-Tech/cardano-api/api/api.go:158.3,160.44 2 0
github.com/Ethernal-Tech/cardano-api/api/api.go:160.44,161.35 1 0
github.com/Ethernal-Tech/cardano-api/api/api.go:161.35,164.10 2 0
github.com/Ethernal-Tech/cardano-api/api/api.go:168.3,168.18 1 0
github.com/Ethernal-Tech/cardano-api/api/api.go:168.18,172.4 2 0
github.com/Ethernal-Tech/cardano-api/api/api.go:174.3,174.16 1 0
github.com/Ethernal-Tech/cardano-api/api/utils/utils.go:21.107,25.60 3 0
github.com/Ethernal-Tech/cardano-api/api/utils/utils.go:25.60,27.3 1 0
github.com/Ethernal-Tech/cardano-api/api/utils/utils.go:30.109,34.2 2 0
github.com/Ethernal-Tech/cardano-api/api/utils/utils.go:36.93,38.2 1 0
github.com/Ethernal-Tech/cardano-api/api/utils/utils.go:40.96,43.69 2 0
github.com/Ethernal-Tech/cardano-api/api/utils/utils.go:43.69,47.3 2 0
github.com/Ethernal-Tech/cardano-api/api/utils/utils.go:49.2,49.26 1 0
github.com/Ethernal-Tech/cardano-api/api/utils/utils.go:56.37,57.42 1 0
github.com/Ethernal-Tech/cardano-api/api/utils/utils.go:57.42,62.3 1 0
github.com/Ethernal-Tech/cardano-api/api/utils/utils.go:64.2,64.36 1 0
github.com/Ethernal-Tech/cardano-api/api/utils/utils.go:64.36,66.98 1 0
github.com/Ethernal-Tech/cardano-api/api/utils/utils.go:66.98,71.5 1 0
github.com/Ethernal-Tech/cardano-api/api/utils/utils.go:75.2,75.12 1 0
github.com/Ethernal-Tech/cardano-api/api/utils/utils.go:80.21,81.62 1 0
github.com/Ethernal-Tech/cardano-api/api/utils/utils.go:81.62,82.57 1 0
github.com/Ethernal-Tech/cardano-api/api/utils/utils.go:82.57,83.25 1 0
github.com/Ethernal-Tech/cardano-api/api/utils/utils.go:83.25,85.5 1 0
github.com/Ethernal-Tech/cardano-api/api/utils/utils.go:89.2,89.14 1 0
github.com/Ethernal-Tech/cardano-api/api/utils/utils.go:94.8,95.46 1 0
github.com/Ethernal-Tech/cardano-api/api/utils/utils.go:95.46,96.23 1 0
github.com/Ethernal-Tech/cardano-api/api/utils/utils.go:96.23,98.4 1 0
github.com/Ethernal-Tech/cardano-api/api/utils/utils.go:101.2,101.14 1 0
github.com/Ethernal-Tech/cardano-api/api/utils/utils.go:111.3,116.16 3 0
github.com/Ethernal-Tech/cardano-api/api/utils/utils.go:116.16,119.3 1 0
github.com/Ethernal-Tech/cardano-api/api/utils/utils.go:121.2,123.3 1 0
github.com/Ethernal-Tech/cardano-api/api/utils/utils.go:131.51,135.16 3 0
github.com/Ethernal-Tech/cardano-api/api/utils/utils.go:135.16,137.3 1 0
github.com/Ethernal-Tech/cardano-api/api/utils/utils.go:139.2,141.3 1 0
github.com/Ethernal-Tech/cardano-api/api/model/common/response/bridging_address_response.go:14.28,20.2 1 0
github.com/Ethernal-Tech/cardano-api/api/model/common/response/bridging_address_response.go:29.33,33.2 1 0
github.com/Ethernal-Tech/cardano-api/api/model/common/response/bridging_tx_response.go:20.23,28.2 1 0
github.com/Ethernal-Tech/cardano-api/api/model/common/response/bridging_tx_response.go:37.86,42.2 1 0
github.com/Ethernal-Tech/cardano-api/api/model/common/response/locked_tokens_response.go:7.89,11.2 1 0
github.com/Ethernal-Tech/cardano-api/api/model/common/response/settings_response.go:22.21,26.49 3 0
github.com/Ethernal-Tech/cardano-api/api/model/common/response/settings_response.go:26.49,29.20 2 0
github.com/Ethernal-Tech/cardano-api/api/model/common/response/settings_response.go:29.20,31.4 1 0
github.com/Ethernal-Tech/cardano-api/api/model/common/response/settings_response.go:34.2,34.45 1 0
github.com/Ethernal-Tech/cardano-api/api/model/common/response/settings_response.go:34.45,35.20 1 0
github.com/Ethernal-Tech/cardano-api/api/model/common/response/settings_response.go:35.20,37.4 1 0
github.com/Ethernal-Tech/cardano-api/api/model/common/response/settings_response.go:40.2,45.3 1 0
github.com/Ethernal-Tech/cardano-api/api/controllers/reactor_tx_controller.go:34.28,40.2 1 0
github.com/Ethernal-Tech/cardano-api/api/controllers/reactor_tx_controller.go:42.56,44.2 1 0
github.com/Ethernal-Tech/cardano-api/api/controllers/reactor_tx_controller.go:46.70,52.2 1 0
github.com/Ethernal-Tech/cardano-api/api/controllers/reactor_tx_controller.go:54.92,56.9 2 0
github.com/Ethernal-Tech/cardano-api/api/controllers/reactor_tx_controller.go:56.9,58.3 1 0
github.com/Ethernal-Tech/cardano-api/api/controllers/reactor_tx_controller.go:60.2,63.16 3 0
github.com/Ethernal-Tech/cardano-api/api/controllers/reactor_tx_controller.go:63.16,69.3 2 0
github.com/Ethernal-Tech/cardano-api/api/controllers/reactor_tx_controller.go:71.2,72.16 2 0
github.com/Ethernal-Tech/cardano-api/api/controllers/reactor_tx_controller.go:72.16,76.3 2 0
github.com/Ethernal-Tech/cardano-api/api/controllers/reactor_tx_controller.go:78.2,79.93 1 0
github.com/Ethernal-Tech/cardano-api/api/controllers/reactor_tx_controller.go:82.92,84.9 2 0
github.com/Ethernal-Tech/cardano-api/api/controllers/reactor_tx_controller.go:84.9,86.3 1 0
github.com/Ethernal-Tech/cardano-api/api/controllers/reactor_tx_controller.go:88.2,91.16 3 0
github.com/Ethernal-Tech/cardano-api/api/controllers/reactor_tx_controller.go:91.16,97.3 2 0
github.com/Ethernal-Tech/cardano-api/api/controllers/reactor_tx_controller.go:99.2,100.16 2 0
github.com/Ethernal-Tech/cardano-api/api/controllers/reactor_tx_controller.go:100.16,104.3 2 0
github.com/Ethernal-Tech/cardano-api/api/controllers/reactor_tx_controller.go:106.2,107.55 2 0
github.com/Ethernal-Tech/cardano-api/api/controllers/reactor_tx_controller.go:107.55,109.3 1 0
github.com/Ethernal-Tech/cardano-api/api/controllers/reactor_tx_controller.go:111.2,113.115 1 0
github.com/Ethernal-Tech/cardano-api/api/controllers/reactor_tx_controller.go:116.87,120.2 1 0
github.com/Ethernal-Tech/cardano-api/api/controllers/reactor_tx_controller.go:124.9,126.29 2 0
github.com/Ethernal-Tech/cardano-api/api/controllers/reactor_tx_controller.go:126.29,128.3 1 0
github.com/Ethernal-Tech/cardano-api/api/controllers/reactor_tx_controller.go:130.2,131.54 2 0
github.com/Ethernal-Tech/cardano-api/api/controllers/reactor_tx_controller.go:131.54,133.3 1 0
github.com/Ethernal-Tech/cardano-api/api/controllers/reactor_tx_controller.go:135.2,135.97 1 0
github.com/Ethernal-Tech/cardano-api/api/controllers/reactor_tx_controller.go:135.97,138.3 1 0
github.com/Ethernal-Tech/cardano-api/api/controllers/reactor_tx_controller.go:140.2,146.52 6 0
github.com/Ethernal-Tech/cardano-api/api/controllers/reactor_tx_controller.go:146.52,147.31 1 0
github.com/Ethernal-Tech/cardano-api/api/controllers/reactor_tx_controller.go:147.31,148.71 1 0
github.com/Ethernal-Tech/cardano-api/api/controllers/reactor_tx_controller.go:148.71,151.10 2 0
github.com/Ethernal-Tech/cardano-api/api/controllers/reactor_tx_controller.go:154.4,154.83 1 0
github.com/Ethernal-Tech/cardano-api/api/controllers/reactor_tx_controller.go:154.83,157.10 2 0
github.com/Ethernal-Tech/cardano-api/api/controllers/reactor_tx_controller.go:162.4,162.71 1 0
github.com/Ethernal-Tech/cardano-api/api/controllers/reactor_tx_controller.go:162.71,164.5 1 0
github.com/Ethernal-Tech/cardano-api/api/controllers/reactor_tx_controller.go:164.10,167.5 2 0
github.com/Ethernal-Tech/cardano-api/api/controllers/reactor_tx_controller.go:168.9,168.34 1 0
github.com/Ethernal-Tech/cardano-api/api/controllers/reactor_tx_controller.go:168.34,169.48 1 0
github.com/Ethernal-Tech/cardano-api/api/controllers/reactor_tx_controller.go:169.48,172.10 2 0
github.com/Ethernal-Tech/cardano-api/api/controllers/reactor_tx_controller.go:175.4,175.43 1 0
github.com/Ethernal-Tech/cardano-api/api/controllers/reactor_tx_controller.go:175.43,177.5 1 0
github.com/Ethernal-Tech/cardano-api/api/controllers/reactor_tx_controller.go:177.10,180.5 2 0
github.com/Ethernal-Tech/cardano-api/api/controllers/reactor_tx_controller.go:184.2,184.38 1 0
github.com/Ethernal-Tech/cardano-api/api/controllers/reactor_tx_controller.go:184.38,186.3 1 0
github.com/Ethernal-Tech/cardano-api/api/controllers/reactor_tx_controller.go:188.2,188.32 1 0
github.com/Ethernal-Tech/cardano-api/api/controllers/reactor_tx_controller.go:188.32,190.3 1 0
github.com/Ethernal-Tech/cardano-api/api/controllers/reactor_tx_controller.go:192.2,196.12 4 0
github.com/Ethernal-Tech/cardano-api/api/controllers/reactor_tx_controller.go:196.12,198.3 1 0
github.com/Ethernal-Tech/cardano-api/api/controllers/reactor_tx_controller.go:201.2,201.34 1 0
github.com/Ethernal-Tech/cardano-api/api/controllers/reactor_tx_controller.go:201.34,203.3 1 0
github.com/Ethernal-Tech/cardano-api/api/controllers/reactor_tx_controller.go:205.2,207.85 1 0
github.com/Ethernal-Tech/cardano-api/api/controllers/reactor_tx_controller.go:207.85,210.3 1 0
github.com/Ethernal-Tech/cardano-api/api/controllers/reactor_tx_controller.go:212.2,214.38 2 0
github.com/Ethernal-Tech/cardano-api/api/controllers/reactor_tx_controller.go:214.38,216.3 1 0
github.com/Ethernal-Tech/cardano-api/api/controllers/reactor_tx_controller.go:218.2,218.12 1 0
github.com/Ethernal-Tech/cardano-api/api/controllers/reactor_tx_controller.go:223.3,228.16 3 0
github.com/Ethernal-Tech/cardano-api/api/controllers/reactor_tx_controller.go:228.16,230.3 1 0
github.com/Ethernal-Tech/cardano-api/api/controllers/reactor_tx_controller.go:233.2,244.16 2 0
github.com/Ethernal-Tech/cardano-api/api/controllers/reactor_tx_controller.go:244.16,247.52 2 0
github.com/Ethernal-Tech/cardano-api/api/controllers/reactor_tx_controller.go:247.52,249.4 1 0
github.com/Ethernal-Tech/cardano-api/api/controllers/reactor_tx_controller.go:251.3,251.56 1 0
github.com/Ethernal-Tech/cardano-api/api/controllers/reactor_tx_controller.go:255.2,255.34 1 0
github.com/Ethernal-Tech/cardano-api/api/controllers/reactor_tx_controller.go:255.34,257.3 1 0
github.com/Ethernal-Tech/cardano-api/api/controllers/reactor_tx_controller.go:259.2,259.20 1 0
github.com/Ethernal-Tech/cardano-api/api/controllers/reactor_tx_controller.go:265.3,268.16 2 0
github.com/Ethernal-Tech/cardano-api/api/controllers/reactor_tx_controller.go:268.16,270.3 1 0
github.com/Ethernal-Tech/cardano-api/api/controllers/reactor_tx_controller.go:272.2,283.16 2 0
github.com/Ethernal-Tech/cardano-api/api/controllers/reactor_tx_controller.go:283.16,285.3 1 0
github.com/Ethernal-Tech/cardano-api/api/controllers/reactor_tx_controller.go:287.2,287.33 1 0
github.com/Ethernal-Tech/cardano-api/api/controllers/reactor_tx_controller.go:295.3,297.16 2 0
github.com/Ethernal-Tech/cardano-api/api/controllers/reactor_tx_controller.go:297.16,299.3 1 0
github.com/Ethernal-Tech/cardano-api/api/controllers/reactor_tx_controller.go:301.2,304.46 3 0
github.com/Ethernal-Tech/cardano-api/api/controllers/reactor_tx_controller.go:304.46,310.3 1 0
github.com/Ethernal-Tech/cardano-api/api/controllers/reactor_tx_controller.go:312.2,312.33 1 0
github.com/Ethernal-Tech/cardano-api/api/controllers/skyline_tx_controller.go:46.28,52.16 2 0
github.com/Ethernal-Tech/cardano-api/api/controllers/skyline_tx_controller.go:52.16,54.3 1 0
github.com/Ethernal-Tech/cardano-api/api/controllers/skyline_tx_controller.go:56.2,61.3 1 0
github.com/Ethernal-Tech/cardano-api/api/controllers/skyline_tx_controller.go:64.56,66.2 1 0
github.com/Ethernal-Tech/cardano-api/api/controllers/skyline_tx_controller.go:68.70,75.2 1 0
github.com/Ethernal-Tech/cardano-api/api/controllers/skyline_tx_controller.go:89.92,91.9 2 0
github.com/Ethernal-Tech/cardano-api/api/controllers/skyline_tx_controller.go:91.9,93.3 1 0
github.com/Ethernal-Tech/cardano-api/api/controllers/skyline_tx_controller.go:95.2,98.16 3 0
github.com/Ethernal-Tech/cardano-api/api/controllers/skyline_tx_controller.go:98.16,104.3 2 0
github.com/Ethernal-Tech/cardano-api/api/controllers/skyline_tx_controller.go:106.2,107.16 2 0
github.com/Ethernal-Tech/cardano-api/api/controllers/skyline_tx_controller.go:107.16,111.3 2 0
github.com/Ethernal-Tech/cardano-api/api/controllers/skyline_tx_controller.go:113.2,114.65 1 0
github.com/Ethernal-Tech/cardano-api/api/controllers/skyline_tx_controller.go:129.92,131.9 2 0
github.com/Ethernal-Tech/cardano-api/api/controllers/skyline_tx_controller.go:131.9,133.3 1 0
github.com/Ethernal-Tech/cardano-api/api/controllers/skyline_tx_controller.go:135.2,138.16 3 0
github.com/Ethernal-Tech/cardano-api/api/controllers/skyline_tx_controller.go:138.16,144.3 2 0
github.com/Ethernal-Tech/cardano-api/api/controllers/skyline_tx_controller.go:146.2,147.16 2 0
github.com/Ethernal-Tech/cardano-api/api/controllers/skyline_tx_controller.go:147.16,151.3 2 0
github.com/Ethernal-Tech/cardano-api/api/controllers/skyline_tx_controller.go:153.2,160.3 3 0
github.com/Ethernal-Tech/cardano-api/api/controllers/skyline_tx_controller.go:171.87,177.2 2 0
github.com/Ethernal-Tech/cardano-api/api/controllers/skyline_tx_controller.go:181.9,183.29 2 0
github.com/Ethernal-Tech/cardano-api/api/controllers/skyline_tx_controller.go:183.29,185.3 1 0
github.com/Ethernal-Tech/cardano-api/api/controllers/skyline_tx_controller.go:187.2,188.30 2 0
github.com/Ethernal-Tech/cardano-api/api/controllers/skyline_tx_controller.go:188.30,190.3 1 0
github.com/Ethernal-Tech/cardano-api/api/controllers/skyline_tx_controller.go:192.2,192.97 1 0
github.com/Ethernal-Tech/cardano-api/api/controllers/skyline_tx_controller.go:192.97,195.3 1 0
github.com/Ethernal-Tech/cardano-api/api/controllers/skyline_tx_controller.go:197.2,207.15 10 0
github.com/Ethernal-Tech/cardano-api/api/controllers/skyline_tx_controller.go:207.15,209.3 1 0
github.com/Ethernal-Tech/cardano-api/api/controllers/skyline_tx_controller.go:211.2,212.15 2 0
github.com/Ethernal-Tech/cardano-api/api/controllers/skyline_tx_controller.go:212.15,214.3 1 0
github.com/Ethernal-Tech/cardano-api/api/controllers/skyline_tx_controller.go:216.2,216.52 1 0
github.com/Ethernal-Tech/cardano-api/api/controllers/skyline_tx_controller.go:216.52,217.29 1 0
github.com/Ethernal-Tech/cardano-api/api/controllers/skyline_tx_controller.go:217.29,220.46 2 0
github.com/Ethernal-Tech/cardano-api/api/controllers/skyline_tx_controller.go:220.46,223.10 2 0
github.com/Ethernal-Tech/cardano-api/api/controllers/skyline_tx_controller.go:227.3,227.30 1 0
github.com/Ethernal-Tech/cardano-api/api/controllers/skyline_tx_controller.go:227.30,230.46 2 0
github.com/Ethernal-Tech/cardano-api/api/controllers/skyline_tx_controller.go:230.46,233.10 2 0
github.com/Ethernal-Tech/cardano-api/api/controllers/skyline_tx_controller.go:237.3,237.82 1 0
github.com/Ethernal-Tech/cardano-api/api/controllers/skyline_tx_controller.go:237.82,240.9 2 0
github.com/Ethernal-Tech/cardano-api/api/controllers/skyline_tx_controller.go:245.3,245.70 1 0
github.com/Ethernal-Tech/cardano-api/api/controllers/skyline_tx_controller.go:245.70,246.30 1 0
github.com/Ethernal-Tech/cardano-api/api/controllers/skyline_tx_controller.go:246.30,248.5 1 0
github.com/Ethernal-Tech/cardano-api/api/controllers/skyline_tx_controller.go:250.4,250.29 1 0
github.com/Ethernal-Tech/cardano-api/api/controllers/skyline_tx_controller.go:251.9,254.31 2 0
github.com/Ethernal-Tech/cardano-api/api/controllers/skyline_tx_controller.go:254.31,256.5 1 0
github.com/Ethernal-Tech/cardano-api/api/controllers/skyline_tx_controller.go:256.10,258.5 1 0
github.com/Ethernal-Tech/cardano-api/api/controllers/skyline_tx_controller.go:262.2,262.38 1 0
github.com/Ethernal-Tech/cardano-api/api/controllers/skyline_tx_controller.go:262.38,264.3 1 0
github.com/Ethernal-Tech/cardano-api/api/controllers/skyline_tx_controller.go:266.2,266.32 1 0
github.com/Ethernal-Tech/cardano-api/api/controllers/skyline_tx_controller.go:266.32,268.3 1 0
github.com/Ethernal-Tech/cardano-api/api/controllers/skyline_tx_controller.go:270.2,270.28 1 0
github.com/Ethernal-Tech/cardano-api/api/controllers/skyline_tx_controller.go:270.28,272.17 2 0
github.com/Ethernal-Tech/cardano-api/api/controllers/skyline_tx_controller.go:272.17,274.4 1 0
github.com/Ethernal-Tech/cardano-api/api/controllers/skyline_tx_controller.go:277.2,277.25 1 0
github.com/Ethernal-Tech/cardano-api/api/controllers/skyline_tx_controller.go:277.25,278.102 1 0
github.com/Ethernal-Tech/cardano-api/api/controllers/skyline_tx_controller.go:278.102,280.4 1 0
github.com/Ethernal-Tech/cardano-api/api/controllers/skyline_tx_controller.go:283.2,287.12 4 0
github.com/Ethernal-Tech/cardano-api/api/controllers/skyline_tx_controller.go:287.12,289.3 1 0
github.com/Ethernal-Tech/cardano-api/api/controllers/skyline_tx_controller.go:292.2,292.34 1 0
github.com/Ethernal-Tech/cardano-api/api/controllers/skyline_tx_controller.go:292.34,294.3 1 0
github.com/Ethernal-Tech/cardano-api/api/controllers/skyline_tx_controller.go:296.2,298.85 1 0
github.com/Ethernal-Tech/cardano-api/api/controllers/skyline_tx_controller.go:298.85,301.3 1 0
github.com/Ethernal-Tech/cardano-api/api/controllers/skyline_tx_controller.go:303.2,305.38 2 0
github.com/Ethernal-Tech/cardano-api/api/controllers/skyline_tx_controller.go:305.38,307.3 1 0
github.com/Ethernal-Tech/cardano-api/api/controllers/skyline_tx_controller.go:309.2,310.12 2 0
github.com/Ethernal-Tech/cardano-api/api/controllers/skyline_tx_controller.go:310.12,312.3 1 0
github.com/Ethernal-Tech/cardano-api/api/controllers/skyline_tx_controller.go:315.2,315.35 1 0
github.com/Ethernal-Tech/cardano-api/api/controllers/skyline_tx_controller.go:315.35,317.3 1 0
github.com/Ethernal-Tech/cardano-api/api/controllers/skyline_tx_controller.go:319.2,321.45 2 0
github.com/Ethernal-Tech/cardano-api/api/controllers/skyline_tx_controller.go:321.45,323.3 1 0
github.com/Ethernal-Tech/cardano-api/api/controllers/skyline_tx_controller.go:325.2,327.102 1 0
github.com/Ethernal-Tech/cardano-api/api/controllers/skyline_tx_controller.go:327.102,330.3 1 0
github.com/Ethernal-Tech/cardano-api/api/controllers/skyline_tx_controller.go:332.2,332.12 1 0
github.com/Ethernal-Tech/cardano-api/api/controllers/skyline_tx_controller.go:337.3,347.16 3 0
github.com/Ethernal-Tech/cardano-api/api/controllers/skyline_tx_controller.go:347.16,349.3 1 0
github.com/Ethernal-Tech/cardano-api/api/controllers/skyline_tx_controller.go:351.2,352.16 2 0
github.com/Ethernal-Tech/cardano-api/api/controllers/skyline_tx_controller.go:352.16,354.3 1 0
github.com/Ethernal-Tech/cardano-api/api/controllers/skyline_tx_controller.go:356.2,368.16 2 0
github.com/Ethernal-Tech/cardano-api/api/controllers/skyline_tx_controller.go:368.16,371.52 2 0
github.com/Ethernal-Tech/cardano-api/api/controllers/skyline_tx_controller.go:371.52,373.4 1 0
github.com/Ethernal-Tech/cardano-api/api/controllers/skyline_tx_controller.go:375.3,375.61 1 0
github.com/Ethernal-Tech/cardano-api/api/controllers/skyline_tx_controller.go:378.2,378.34 1 0
github.com/Ethernal-Tech/cardano-api/api/controllers/skyline_tx_controller.go:378.34,380.3 1 0
github.com/Ethernal-Tech/cardano-api/api/controllers/skyline_tx_controller.go:382.2,382.30 1 0
github.com/Ethernal-Tech/cardano-api/api/controllers/skyline_tx_controller.go:391.3,400.16 2 0
github.com/Ethernal-Tech/cardano-api/api/controllers/skyline_tx_controller.go:400.16,402.3 1 0
github.com/Ethernal-Tech/cardano-api/api/controllers/skyline_tx_controller.go:405.2,407.16 2 0
github.com/Ethernal-Tech/cardano-api/api/controllers/skyline_tx_controller.go:407.16,409.3 1 0
github.com/Ethernal-Tech/cardano-api/api/controllers/skyline_tx_controller.go:412.2,424.16 2 0
github.com/Ethernal-Tech/cardano-api/api/controllers/skyline_tx_controller.go:424.16,426.3 1 0
github.com/Ethernal-Tech/cardano-api/api/controllers/skyline_tx_controller.go:428.2,428.33 1 0
github.com/Ethernal-Tech/cardano-api/api/controllers/skyline_tx_controller.go:436.3,438.16 2 0
github.com/Ethernal-Tech/cardano-api/api/controllers/skyline_tx_controller.go:438.16,440.3 1 0
github.com/Ethernal-Tech/cardano-api/api/controllers/skyline_tx_controller.go:442.2,445.46 3 0
github.com/Ethernal-Tech/cardano-api/api/controllers/skyline_tx_controller.go:445.46,450.23 2 0
github.com/Ethernal-Tech/cardano-api/api/controllers/skyline_tx_controller.go:450.23,452.4 1 0
github.com/Ethernal-Tech/cardano-api/api/controllers/skyline_tx_controller.go:452.9,454.4 1 0
github.com/Ethernal-Tech/cardano-api/api/controllers/skyline_tx_controller.go:457.2,457.33 1 0
github.com/Ethernal-Tech/cardano-api/api/controllers/skyline_tx_controller.go:463.3,467.35 2 0
github.com/Ethernal-Tech/cardano-api/api/controllers/skyline_tx_controller.go:467.35,469.12 2 0
github.com/Ethernal-Tech/cardano-api/api/controllers/skyline_tx_controller.go:469.12,475.4 3 0
github.com/Ethernal-Tech/cardano-api/api/controllers/skyline_tx_controller.go:478.2,478.89 1 0
github.com/Ethernal-Tech/cardano-api/api/controllers/skyline_tx_controller.go:478.89,485.17 2 0
github.com/Ethernal-Tech/cardano-api/api/controllers/skyline_tx_controller.go:485.17,487.4 1 0
github.com/Ethernal-Tech/cardano-api/api/controllers/skyline_tx_controller.go:489.3,492.17 3 0
github.com/Ethernal-Tech/cardano-api/api/controllers/skyline_tx_controller.go:492.17,494.4 1 0
github.com/Ethernal-Tech/cardano-api/api/controllers/skyline_tx_controller.go:497.3,498.53 2 0
github.com/Ethernal-Tech/cardano-api/api/controllers/skyline_tx_controller.go:498.53,500.4 1 0
github.com/Ethernal-Tech/cardano-api/api/controllers/skyline_tx_controller.go:503.3,503.61 1 0
github.com/Ethernal-Tech/cardano-api/api/controllers/skyline_tx_controller.go:503.61,505.18 2 0
github.com/Ethernal-Tech/cardano-api/api/controllers/skyline_tx_controller.go:505.18,507.5 1 0
github.com/Ethernal-Tech/cardano-api/api/controllers/skyline_tx_controller.go:510.4,510.31 1 0
github.com/Ethernal-Tech/cardano-api/api/controllers/skyline_tx_controller.go:510.31,512.61 1 0
github.com/Ethernal-Tech/cardano-api/api/controllers/skyline_tx_controller.go:512.61,514.6 1 0
github.com/Ethernal-Tech/cardano-api/api/controllers/skyline_tx_controller.go:516.5,519.45 2 0
github.com/Ethernal-Tech/cardano-api/api/controllers/skyline_tx_controller.go:519.45,521.47 2 0
github.com/Ethernal-Tech/cardano-api/api/controllers/skyline_tx_controller.go:521.47,522.48 1 0
github.com/Ethernal-Tech/cardano-api/api/controllers/skyline_tx_controller.go:522.48,524.8 1 0
github.com/Ethernal-Tech/cardano-api/api/controllers/skyline_tx_controller.go:526.7,526.87 1 0
github.com/Ethernal-Tech/cardano-api/api/controllers/skyline_tx_controller.go:533.3,534.31 2 0
github.com/Ethernal-Tech/cardano-api/api/controllers/skyline_tx_controller.go:534.31,536.4 1 0
github.com/Ethernal-Tech/cardano-api/api/controllers/skyline_tx_controller.go:538.3,538.21 1 0
github.com/Ethernal-Tech/cardano-api/api/controllers/skyline_tx_controller.go:542.2,544.59 2 0
github.com/Ethernal-Tech/cardano-api/api/controllers/skyline_tx_controller.go:544.59,546.17 2 0
github.com/Ethernal-Tech/cardano-api/api/controllers/skyline_tx_controller.go:546.17,550.4 2 0
github.com/Ethernal-Tech/cardano-api/api/controllers/skyline_tx_controller.go:552.3,552.41 1 0
github.com/Ethernal-Tech/cardano-api/api/controllers/skyline_tx_controller.go:556.2,556.35 1 0
github.com/Ethernal-Tech/cardano-api/api/controllers/skyline_tx_controller.go:556.35,562.3 1 0
github.com/Ethernal-Tech/cardano-api/api/controllers/skyline_tx_controller.go:564.2,564.62 1 0
github.com/Ethernal-Tech/cardano-api/cli/root.go:18.36,28.2 3 0
github.com/Ethernal-Tech/cardano-api/cli/root.go:30.46,36.2 1 0
github.com/Ethernal-Tech/cardano-api/cli/root.go:38.34,39.45 1 0
github.com/Ethernal-Tech/cardano-api/cli/root.go:39.45,43.3 2 0
github.com/Ethernal-Tech/cardano-api/cli/cardano-api/cardano_api.go:21.44,32.2 3 0
github.com/Ethernal-Tech/cardano-api/cli/cardano-api/cardano_api.go:34.52,36.2 1 0
github.com/Ethernal-Tech/cardano-api/cli/cardano-api/cardano_api.go:38.49,43.16 4 0
github.com/Ethernal-Tech/cardano-api/cli/cardano-api/cardano_api.go:43.16,47.3 2 0
github.com/Ethernal-Tech/cardano-api/cli/cardano-api/cardano_api.go:49.2,50.16 2 0
github.com/Ethernal-Tech/cardano-api/cli/cardano-api/cardano_api.go:50.16,54.3 2 0
github.com/Ethernal-Tech/cardano-api/cli/cardano-api/cardano_api.go:56.2,60.16 4 0
github.com/Ethernal-Tech/cardano-api/cli/cardano-api/cardano_api.go:60.16,64.3 2 0
github.com/Ethernal-Tech/cardano-api/cli/cardano-api/cardano_api.go:66.2,66.15 1 0
github.com/Ethernal-Tech/cardano-api/cli/cardano-api/cardano_api.go:66.15,67.31 1 0
github.com/Ethernal-Tech/cardano-api/cli/cardano-api/cardano_api.go:67.31,70.4 2 0
github.com/Ethernal-Tech/cardano-api/cli/cardano-api/cardano_api.go:73.2,75.24 2 0
github.com/Ethernal-Tech/cardano-api/cli/cardano-api/cardano_api.go:76.26,80.4 1 0
github.com/Ethernal-Tech/cardano-api/cli/cardano-api/cardano_api.go:81.26,84.4 1 0
github.com/Ethernal-Tech/cardano-api/cli/cardano-api/cardano_api.go:85.10,89.9 3 0
github.com/Ethernal-Tech/cardano-api/cli/cardano-api/cardano_api.go:92.2,93.16 2 0
github.com/Ethernal-Tech/cardano-api/cli/cardano-api/cardano_api.go:93.16,98.3 3 0
github.com/Ethernal-Tech/cardano-api/cli/cardano-api/cardano_api.go:100.2,104.15 3 0
github.com/Ethernal-Tech/cardano-api/cli/cardano-api/cardano_api.go:104.15,106.17 2 0
github.com/Ethernal-Tech/cardano-api/cli/cardano-api/cardano_api.go:106.17,108.4 1 0
github.com/Ethernal-Tech/cardano-api/cli/cardano-api/cardano_api.go:111.2,117.42 4 0
github.com/Ethernal-Tech/cardano-api/cli/cardano-api/params.go:15.51,17.2 1 0
github.com/Ethernal-Tech/cardano-api/cli/cardano-api/params.go:19.58,26.2 1 0
github.com/Ethernal-Tech/cardano-api/cli/cardano-api/result.go:8.39,14.2 3 0
github.com/Ethernal-Tech/cardano-api/cardano/config.go:25.85,27.72 2 0
github.com/Ethernal-Tech/cardano-api/cardano/config.go:27.72,29.3 1 0
github.com/Ethernal-Tech/cardano-api/cardano/config.go:31.2,31.33 1 0
github.com/Ethernal-Tech/cardano-api/cardano/config.go:34.62,36.2 1 0
github.com/Ethernal-Tech/cardano-api/cardano/config.go:38.88,39.28 1 0
github.com/Ethernal-Tech/cardano-api/cardano/config.go:39.28,41.3 1 0
github.com/Ethernal-Tech/cardano-api/cardano/config.go:43.2,43.29 1 0
github.com/Ethernal-Tech/cardano-api/cardano/config.go:43.29,46.3 1 0
github.com/Ethernal-Tech/cardano-api/cardano/config.go:48.2,48.32 1 0
github.com/Ethernal-Tech/cardano-api/cardano/config.go:48.32,49.24 1 0
github.com/Ethernal-Tech/cardano-api/cardano/config.go:49.24,51.4 1 0
github.com/Ethernal-Tech/cardano-api/cardano/config.go:53.3,53.99 1 0
github.com/Ethernal-Tech/cardano-api/cardano/config.go:56.2,56.92 1 0
github.com/Ethernal-Tech/cardano-api/cardano/config.go:59.107,61.21 2 0
github.com/Ethernal-Tech/cardano-api/cardano/config.go:61.21,63.3 1 0
github.com/Ethernal-Tech/cardano-api/cardano/config.go:65.2,66.16 2 0
github.com/Ethernal-Tech/cardano-api/cardano/config.go:66.16,68.3 1 0
github.com/Ethernal-Tech/cardano-api/cardano/config.go:70.2,70.67 1 0
github.com/Ethernal-Tech/cardano-api/cardano/config.go:73.79,74.42 1 0
github.com/Ethernal-Tech/cardano-api/cardano/config.go:74.42,75.35 1 0
github.com/Ethernal-Tech/cardano-api/cardano/config.go:75.35,76.12 1 0
github.com/Ethernal-Tech/cardano-api/cardano/config.go:79.3,79.23 1 0
github.com/Ethernal-Tech/cardano-api/cardano/config.go:82.2,82.11 1 0
github.com/Ethernal-Tech/cardano-api/cardano/config.go:85.110,87.16 2 0
github.com/Ethernal-Tech/cardano-api/cardano/config.go:87.16,89.3 1 0
github.com/Ethernal-Tech/cardano-api/cardano/config.go:91.2,91.79 1 0
github.com/Ethernal-Tech/cardano-api/cardano/config.go:94.86,96.2 1 0
github.com/Ethernal-Tech/cardano-api/cardano/utils.go:7.82,11.43 2 0
github.com/Ethernal-Tech/cardano-api/cardano/utils.go:11.43,13.3 1 0
github.com/Ethernal-Tech/cardano-api/cardano/utils.go:15.2,15.13 1 0
github.com/Ethernal-Tech/cardano-api/cli/version/result.go:16.46,27.2 4 0
github.com/Ethernal-Tech/cardano-api/cli/version/version.go:9.41,16.2 1 0
github.com/Ethernal-Tech/cardano-api/cli/version/version.go:18.49,29.2 3 0
github.com/Ethernal-Tech/cardano-api/common/chain_id.go:35.49,37.2 1 0
github.com/Ethernal-Tech/cardano-api/common/chain_id.go:39.49,41.2 1 0
github.com/Ethernal-Tech/cardano-api/common/command.go:42.40,44.22 2 0
github.com/Ethernal-Tech/cardano-api/common/command.go:44.22,46.3 1 0
github.com/Ethernal-Tech/cardano-api/common/command.go:48.2,48.36 1 0
github.com/Ethernal-Tech/cardano-api/common/command.go:51.35,57.2 4 0
github.com/Ethernal-Tech/cardano-api/common/command.go:64.53,66.2 1 0
github.com/Ethernal-Tech/cardano-api/common/command.go:68.73,70.2 1 0
github.com/Ethernal-Tech/cardano-api/common/command.go:72.62,74.2 1 0
github.com/Ethernal-Tech/cardano-api/common/command.go:81.37,82.28 1 0
github.com/Ethernal-Tech/cardano-api/common/command.go:82.28,87.3 2 0
github.com/Ethernal-Tech/cardano-api/common/command.go:89.2,89.56 1 0
github.com/Ethernal-Tech/cardano-api/common/command.go:93.65,95.2 1 0
github.com/Ethernal-Tech/cardano-api/common/command.go:98.58,100.2 1 0
github.com/Ethernal-Tech/cardano-api/common/command.go:102.47,103.28 1 0
github.com/Ethernal-Tech/cardano-api/common/command.go:103.28,105.3 1 0
github.com/Ethernal-Tech/cardano-api/common/command.go:107.2,107.32 1 0
github.com/Ethernal-Tech/cardano-api/common/command.go:110.49,111.30 1 0
github.com/Ethernal-Tech/cardano-api/common/command.go:111.30,113.3 1 0
github.com/Ethernal-Tech/cardano-api/common/command.go:115.2,115.38 1 0
github.com/Ethernal-Tech/cardano-api/common/command.go:118.93,119.46 1 0
github.com/Ethernal-Tech/cardano-api/common/command.go:119.46,123.16 3 0
github.com/Ethernal-Tech/cardano-api/common/command.go:123.16,124.32 1 0
github.com/Ethernal-Tech/cardano-api/common/command.go:124.32,126.5 1 0
github.com/Ethernal-Tech/cardano-api/common/command.go:129.3,130.17 2 0
github.com/Ethernal-Tech/cardano-api/common/command.go:130.17,134.4 2 0
github.com/Ethernal-Tech/cardano-api/common/command.go:136.3,136.38 1 0
github.com/Ethernal-Tech/cardano-api/common/file_utils.go:13.73,14.52 1 0
github.com/Ethernal-Tech/cardano-api/common/file_utils.go:14.52,17.3 1 0
github.com/Ethernal-Tech/cardano-api/common/file_utils.go:19.2,19.12 1 0
github.com/Ethernal-Tech/cardano-api/common/file_utils.go:22.68,23.49 1 0
github.com/Ethernal-Tech/cardano-api/common/file_utils.go:23.49,25.3 1 0
github.com/Ethernal-Tech/cardano-api/common/file_utils.go:27.2,27.12 1 0
github.com/Ethernal-Tech/cardano-api/common/file_utils.go:30.59,32.16 2 0
github.com/Ethernal-Tech/cardano-api/common/file_utils.go:32.16,34.3 1 0
github.com/Ethernal-Tech/cardano-api/common/file_utils.go:36.2,40.57 3 0
github.com/Ethernal-Tech/cardano-api/common/file_utils.go:40.57,42.3 1 0
github.com/Ethernal-Tech/cardano-api/common/file_utils.go:44.2,44.20 1 0
github.com/Ethernal-Tech/cardano-api/common/file_utils.go:49.88,55.22 2 0
github.com/Ethernal-Tech/cardano-api/common/file_utils.go:55.22,57.17 2 0
github.com/Ethernal-Tech/cardano-api/common/file_utils.go:57.17,59.4 1 0
github.com/Ethernal-Tech/cardano-api/common/file_utils.go:61.3,61.58 1 0
github.com/Ethernal-Tech/cardano-api/common/file_utils.go:61.58,63.4 1 0
github.com/Ethernal-Tech/cardano-api/common/file_utils.go:63.9,65.4 1 0
github.com/Ethernal-Tech/cardano-api/common/file_utils.go:68.2,69.16 2 0
github.com/Ethernal-Tech/cardano-api/common/file_utils.go:69.16,71.3 1 0
github.com/Ethernal-Tech/cardano-api/common/file_utils.go:73.2,73.20 1 0
github.com/Ethernal-Tech/cardano-api/common/file_utils.go:76.67,78.16 2 0
github.com/Ethernal-Tech/cardano-api/common/file_utils.go:78.16,80.3 1 0
github.com/Ethernal-Tech/cardano-api/common/file_utils.go:82.2,85.12 3 0
github.com/Ethernal-Tech/cardano-api/common/file_utils.go:85.12,87.3 1 0
github.com/Ethernal-Tech/cardano-api/common/file_utils.go:89.2,89.44 1 0
github.com/Ethernal-Tech/cardano-api/common/file_utils.go:89.44,91.3 1 0
github.com/Ethernal-Tech/cardano-api/common/file_utils.go:93.2,93.12 1 0
github.com/Ethernal-Tech/cardano-api/common/metadata.go:52.77,53.46 1 0
github.com/Ethernal-Tech/cardano-api/common/metadata.go:53.46,55.3 1 0
github.com/Ethernal-Tech/cardano-api/common/metadata.go:55.8,55.53 1 0
github.com/Ethernal-Tech/cardano-api/common/metadata.go:55.53,57.3 1 0
github.com/Ethernal-Tech/cardano-api/common/metadata.go:59.2,59.62 1 0
github.com/Ethernal-Tech/cardano-api/common/metadata.go:64.81,65.46 1 0
github.com/Ethernal-Tech/cardano-api/common/metadata.go:65.46,67.3 1 0
github.com/Ethernal-Tech/cardano-api/common/metadata.go:67.8,67.53 1 0
github.com/Ethernal-Tech/cardano-api/common/metadata.go:67.53,69.3 1 0
github.com/Ethernal-Tech/cardano-api/common/metadata.go:71.2,71.62 1 0
github.com/Ethernal-Tech/cardano-api/common/metadata.go:80.3,82.16 2 0
github.com/Ethernal-Tech/cardano-api/common/metadata.go:82.16,84.3 1 0
github.com/Ethernal-Tech/cardano-api/common/metadata.go:86.2,89.16 2 0
github.com/Ethernal-Tech/cardano-api/common/metadata.go:89.16,91.3 1 0
github.com/Ethernal-Tech/cardano-api/common/metadata.go:93.2,93.20 1 0
github.com/Ethernal-Tech/cardano-api/common/metadata.go:102.3,104.16 2 0
github.com/Ethernal-Tech/cardano-api/common/metadata.go:104.16,106.3 1 0
github.com/Ethernal-Tech/cardano-api/common/metadata.go:108.2,111.16 3 0
github.com/Ethernal-Tech/cardano-api/common/metadata.go:111.16,115.22 3 0
github.com/Ethernal-Tech/cardano-api/common/metadata.go:115.22,117.4 1 0
github.com/Ethernal-Tech/cardano-api/common/metadata.go:117.9,119.4 1 0
github.com/Ethernal-Tech/cardano-api/common/metadata.go:122.2,122.37 1 0
github.com/Ethernal-Tech/cardano-api/common/metadata.go:122.37,123.57 1 0
github.com/Ethernal-Tech/cardano-api/common/metadata.go:123.57,125.4 1 0
github.com/Ethernal-Tech/cardano-api/common/metadata.go:128.2,128.17 1 0
github.com/Ethernal-Tech/cardano-api/common/utils.go:49.40,51.79 2 0
github.com/Ethernal-Tech/cardano-api/common/utils.go:51.79,53.3 1 0
github.com/Ethernal-Tech/cardano-api/common/utils.go:55.2,55.38 1 0
github.com/Ethernal-Tech/cardano-api/common/utils.go:58.47,60.16 2 0
github.com/Ethernal-Tech/cardano-api/common/utils.go:60.16,62.64 1 0
github.com/Ethernal-Tech/cardano-api/common/utils.go:62.64,64.4 1 0
github.com/Ethernal-Tech/cardano-api/common/utils.go:66.3,66.15 1 0
github.com/Ethernal-Tech/cardano-api/common/utils.go:67.8,67.86 1 0
github.com/Ethernal-Tech/cardano-api/common/utils.go:67.86,69.3 1 0
github.com/Ethernal-Tech/cardano-api/common/utils.go:72.2,72.30 1 0
github.com/Ethernal-Tech/cardano-api/common/utils.go:72.30,74.3 1 0
github.com/Ethernal-Tech/cardano-api/common/utils.go:77.2,79.19 2 0
github.com/Ethernal-Tech/cardano-api/common/utils.go:82.44,84.2 1 0
github.com/Ethernal-Tech/cardano-api/common/utils.go:86.42,87.62 1 0
github.com/Ethernal-Tech/cardano-api/common/utils.go:87.62,89.3 1 0
github.com/Ethernal-Tech/cardano-api/common/utils.go:91.2,91.28 1 0
github.com/Ethernal-Tech/cardano-api/common/utils.go:94.59,96.2 1 0
github.com/Ethernal-Tech/cardano-api/common/utils.go:99.102,100.80 1 0
github.com/Ethernal-Tech/cardano-api/common/utils.go:100.80,103.28 2 0
github.com/Ethernal-Tech/cardano-api/common/utils.go:103.28,105.4 1 0
github.com/Ethernal-Tech/cardano-api/common/utils.go:107.3,107.17 1 0
github.com/Ethernal-Tech/cardano-api/common/utils.go:107.17,109.4 1 0
github.com/Ethernal-Tech/cardano-api/common/utils.go:112.3,112.35 1 0
github.com/Ethernal-Tech/cardano-api/common/utils.go:115.2,115.12 1 0
github.com/Ethernal-Tech/cardano-api/common/utils.go:122.47,124.2 1 0
github.com/Ethernal-Tech/cardano-api/common/utils.go:128.39,130.2 1 0
github.com/Ethernal-Tech/cardano-api/common/utils.go:133.54,134.37 1 0
github.com/Ethernal-Tech/cardano-api/common/utils.go:134.37,136.19 2 0
github.com/Ethernal-Tech/cardano-api/common/utils.go:136.19,138.4 1 0
github.com/Ethernal-Tech/cardano-api/common/utils.go:140.3,140.30 1 0
github.com/Ethernal-Tech/cardano-api/common/utils.go:143.2,143.12 1 0
github.com/Ethernal-Tech/cardano-api/common/utils.go:147.64,151.2 2 0
github.com/Ethernal-Tech/cardano-api/common/utils.go:154.44,155.12 1 0
github.com/Ethernal-Tech/cardano-api/common/utils.go:155.12,157.3 1 0
github.com/Ethernal-Tech/cardano-api/common/utils.go:159.2,159.12 1 0
github.com/Ethernal-Tech/cardano-api/common/utils.go:162.52,164.2 1 0
github.com/Ethernal-Tech/cardano-api/common/utils.go:166.93,168.16 2 0
github.com/Ethernal-Tech/cardano-api/common/utils.go:168.16,170.3 1 0
github.com/Ethernal-Tech/cardano-api/common/utils.go:172.2,175.16 3 0
github.com/Ethernal-Tech/cardano-api/common/utils.go:175.16,177.3 1 0
github.com/Ethernal-Tech/cardano-api/common/utils.go:177.8,177.45 1 0
github.com/Ethernal-Tech/cardano-api/common/utils.go:177.45,179.3 1 0
github.com/Ethernal-Tech/cardano-api/common/utils.go:181.2,182.16 2 0
github.com/Ethernal-Tech/cardano-api/common/utils.go:182.16,184.3 1 0
github.com/Ethernal-Tech/cardano-api/common/utils.go:186.2,189.16 3 0
github.com/Ethernal-Tech/cardano-api/common/utils.go:189.16,191.3 1 0
github.com/Ethernal-Tech/cardano-api/common/utils.go:193.2,193.27 1 0
github.com/Ethernal-Tech/cardano-api/common/utils.go:196.49,197.18 1 0
github.com/Ethernal-Tech/cardano-api/common/utils.go:197.18,199.3 1 0
github.com/Ethernal-Tech/cardano-api/common/utils.go:201.2,203.26 2 0
github.com/Ethernal-Tech/cardano-api/common/utils.go:203.26,205.3 1 0
github.com/Ethernal-Tech/cardano-api/common/utils.go:207.2,207.15 1 0
github.com/Ethernal-Tech/cardano-api/common/utils.go:210.38,216.2 4 0
github.com/Ethernal-Tech/cardano-api/cli/generateconfigs/generateconfigs.go:15.49,35.2 6 0
github.com/Ethernal-Tech/cardano-api/cli/generateconfigs/generateconfigs.go:37.53,38.26 1 0
github.com/Ethernal-Tech/cardano-api/cli/generateconfigs/generateconfigs.go:38.26,40.3 1 0
github.com/Ethernal-Tech/cardano-api/cli/generateconfigs/generateconfigs.go:42.2,42.35 1 0
github.com/Ethernal-Tech/cardano-api/cli/generateconfigs/params.go:150.111,151.19 1 0
github.com/Ethernal-Tech/cardano-api/cli/generateconfigs/params.go:151.19,152.18 1 0
github.com/Ethernal-Tech/cardano-api/cli/generateconfigs/params.go:152.18,154.4 1 0
github.com/Ethernal-Tech/cardano-api/cli/generateconfigs/params.go:156.3,156.41 1 0
github.com/Ethernal-Tech/cardano-api/cli/generateconfigs/params.go:159.2,160.83 2 0
github.com/Ethernal-Tech/cardano-api/cli/generateconfigs/params.go:160.83,162.3 1 0
github.com/Ethernal-Tech/cardano-api/cli/generateconfigs/params.go:164.2,164.12 1 0
github.com/Ethernal-Tech/cardano-api/cli/generateconfigs/params.go:167.55,171.16 2 0
github.com/Ethernal-Tech/cardano-api/cli/generateconfigs/params.go:171.16,173.3 1 0
github.com/Ethernal-Tech/cardano-api/cli/generateconfigs/params.go:175.2,178.16 2 0
github.com/Ethernal-Tech/cardano-api/cli/generateconfigs/params.go:178.16,180.3 1 0
github.com/Ethernal-Tech/cardano-api/cli/generateconfigs/params.go:182.2,185.16 2 0
github.com/Ethernal-Tech/cardano-api/cli/generateconfigs/params.go:185.16,187.3 1 0
github.com/Ethernal-Tech/cardano-api/cli/generateconfigs/params.go:189.2,189.85 1 0
github.com/Ethernal-Tech/cardano-api/cli/generateconfigs/params.go:189.85,192.3 1 0
github.com/Ethernal-Tech/cardano-api/cli/generateconfigs/params.go:194.2,194.80 1 0
github.com/Ethernal-Tech/cardano-api/cli/generateconfigs/params.go:194.80,196.3 1 0
github.com/Ethernal-Tech/cardano-api/cli/generateconfigs/params.go:198.2,198.72 1 0
github.com/Ethernal-Tech/cardano-api/cli/generateconfigs/params.go:198.72,200.3 1 0
github.com/Ethernal-Tech/cardano-api/cli/generateconfigs/params.go:202.2,205.16 2 0
github.com/Ethernal-Tech/cardano-api/cli/generateconfigs/params.go:205.16,207.3 1 0
github.com/Ethernal-Tech/cardano-api/cli/generateconfigs/params.go:209.2,212.16 2 0
github.com/Ethernal-Tech/cardano-api/cli/generateconfigs/params.go:212.16,214.3 1 0
github.com/Ethernal-Tech/cardano-api/cli/generateconfigs/params.go:216.2,219.16 2 0
github.com/Ethernal-Tech/cardano-api/cli/generateconfigs/params.go:219.16,221.3 1 0
github.com/Ethernal-Tech/cardano-api/cli/generateconfigs/params.go:223.2,223.82 1 0
github.com/Ethernal-Tech/cardano-api/cli/generateconfigs/params.go:223.82,225.3 1 0
github.com/Ethernal-Tech/cardano-api/cli/generateconfigs/params.go:227.2,227.74 1 0
github.com/Ethernal-Tech/cardano-api/cli/generateconfigs/params.go:227.74,229.3 1 0
github.com/Ethernal-Tech/cardano-api/cli/generateconfigs/params.go:231.2,231.88 1 0
github.com/Ethernal-Tech/cardano-api/cli/generateconfigs/params.go:231.88,234.3 1 0
github.com/Ethernal-Tech/cardano-api/cli/generateconfigs/params.go:236.2,236.44 1 0
github.com/Ethernal-Tech/cardano-api/cli/generateconfigs/params.go:236.44,238.3 1 0
github.com/Ethernal-Tech/cardano-api/cli/generateconfigs/params.go:240.2,240.26 1 0
github.com/Ethernal-Tech/cardano-api/cli/generateconfigs/params.go:240.26,242.3 1 0
github.com/Ethernal-Tech/cardano-api/cli/generateconfigs/params.go:244.2,244.25 1 0
github.com/Ethernal-Tech/cardano-api/cli/generateconfigs/params.go:244.25,246.3 1 0
github.com/Ethernal-Tech/cardano-api/cli/generateconfigs/params.go:248.2,248.12 1 0
github.com/Ethernal-Tech/cardano-api/cli/generateconfigs/params.go:251.62,449.2 33 0
github.com/Ethernal-Tech/cardano-api/cli/generateconfigs/params.go:453.34,544.79 3 0
github.com/Ethernal-Tech/cardano-api/cli/generateconfigs/params.go:544.79,546.3 1 0
github.com/Ethernal-Tech/cardano-api/cli/generateconfigs/params.go:548.2,549.66 2 0
github.com/Ethernal-Tech/cardano-api/cli/generateconfigs/params.go:549.66,551.3 1 0
github.com/Ethernal-Tech/cardano-api/cli/generateconfigs/params.go:553.2,555.8 1 0
github.com/Ethernal-Tech/cardano-api/cli/generateconfigs/result.go:14.39,23.2 3 0
github.com/Ethernal-Tech/cardano-api/cli/generateconfigs/skyline_params.go:86.62,90.16 2 0
github.com/Ethernal-Tech/cardano-api/cli/generateconfigs/skyline_params.go:90.16,92.3 1 0
github.com/Ethernal-Tech/cardano-api/cli/generateconfigs/skyline_params.go:94.2,97.16 2 0
github.com/Ethernal-Tech/cardano-api/cli/generateconfigs/skyline_params.go:97.16,99.3 1 0
github.com/Ethernal-Tech/cardano-api/cli/generateconfigs/skyline_params.go:101.2,101.85 1 0
github.com/Ethernal-Tech/cardano-api/cli/generateconfigs/skyline_params.go:101.85,104.3 1 0
github.com/Ethernal-Tech/cardano-api/cli/generateconfigs/skyline_params.go:106.2,106.80 1 0
github.com/Ethernal-Tech/cardano-api/cli/generateconfigs/skyline_params.go:106.80,108.3 1 0
github.com/Ethernal-Tech/cardano-api/cli/generateconfigs/skyline_params.go:110.2,110.72 1 0
github.com/Ethernal-Tech/cardano-api/cli/generateconfigs/skyline_params.go:110.72,112.3 1 0
github.com/Ethernal-Tech/cardano-api/cli/generateconfigs/skyline_params.go:114.2,117.16 2 0
github.com/Ethernal-Tech/cardano-api/cli/generateconfigs/skyline_params.go:117.16,119.3 1 0
github.com/Ethernal-Tech/cardano-api/cli/generateconfigs/skyline_params.go:121.2,124.16 2 0
github.com/Ethernal-Tech/cardano-api/cli/generateconfigs/skyline_params.go:124.16,126.3 1 0
github.com/Ethernal-Tech/cardano-api/cli/generateconfigs/skyline_params.go:128.2,128.91 1 0
github.com/Ethernal-Tech/cardano-api/cli/generateconfigs/skyline_params.go:128.91,131.3 1 0
github.com/Ethernal-Tech/cardano-api/cli/generateconfigs/skyline_params.go:133.2,133.84 1 0
github.com/Ethernal-Tech/cardano-api/cli/generateconfigs/skyline_params.go:133.84,135.3 1 0
github.com/Ethernal-Tech/cardano-api/cli/generateconfigs/skyline_params.go:137.2,137.76 1 0
github.com/Ethernal-Tech/cardano-api/cli/generateconfigs/skyline_params.go:137.76,139.3 1 0
github.com/Ethernal-Tech/cardano-api/cli/generateconfigs/skyline_params.go:141.2,141.44 1 0
github.com/Ethernal-Tech/cardano-api/cli/generateconfigs/skyline_params.go:141.44,143.3 1 0
github.com/Ethernal-Tech/cardano-api/cli/generateconfigs/skyline_params.go:145.2,145.26 1 0
github.com/Ethernal-Tech/cardano-api/cli/generateconfigs/skyline_params.go:145.26,147.3 1 0
github.com/Ethernal-Tech/cardano-api/cli/generateconfigs/skyline_params.go:149.2,149.25 1 0
github.com/Ethernal-Tech/cardano-api/cli/generateconfigs/skyline_params.go:149.25,151.3 1 0
github.com/Ethernal-Tech/cardano-api/cli/generateconfigs/skyline_params.go:153.2,153.42 1 0
github.com/Ethernal-Tech/cardano-api/cli/generateconfigs/skyline_params.go:153.42,154.91 1 0
github.com/Ethernal-Tech/cardano-api/cli/generateconfigs/skyline_params.go:154.91,156.4 1 0
github.com/Ethernal-Tech/cardano-api/cli/generateconfigs/skyline_params.go:159.2,159.42 1 0
github.com/Ethernal-Tech/cardano-api/cli/generateconfigs/skyline_params.go:159.42,160.91 1 0
github.com/Ethernal-Tech/cardano-api/cli/generateconfigs/skyline_params.go:160.91,162.4 1 0
github.com/Ethernal-Tech/cardano-api/cli/generateconfigs/skyline_params.go:165.2,165.12 1 0
github.com/Ethernal-Tech/cardano-api/cli/generateconfigs/skyline_params.go:168.69,352.2 31 0
github.com/Ethernal-Tech/cardano-api/cli/generateconfigs/skyline_params.go:356.34,359.42 2 0
github.com/Ethernal-Tech/cardano-api/cli/generateconfigs/skyline_params.go:359.42,366.3 1 0
github.com/Ethernal-Tech/cardano-api/cli/generateconfigs/skyline_params.go:368.2,368.42 1 0
github.com/Ethernal-Tech/cardano-api/cli/generateconfigs/skyline_params.go:368.42,375.3 1 0
github.com/Ethernal-Tech/cardano-api/cli/generateconfigs/skyline_params.go:377.2,465.79 3 0
github.com/Ethernal-Tech/cardano-api/cli/generateconfigs/skyline_params.go:465.79,467.3 1 0
github.com/Ethernal-Tech/cardano-api/cli/generateconfigs/skyline_params.go:469.2,470.66 2 0
github.com/Ethernal-Tech/cardano-api/cli/generateconfigs/skyline_params.go:470.66,472.3 1 0
github.com/Ethernal-Tech/cardano-api/cli/generateconfigs/skyline_params.go:474.2,476.8 1 0
github.com/Ethernal-Tech/cardano-api/core/config.go:85.85,86.67 1 0
github.com/Ethernal-Tech/cardano-api/core/config.go:86.67,90.3 3 0
github.com/Ethernal-Tech/cardano-api/core/config.go:92.2,92.59 1 0
github.com/Ethernal-Tech/cardano-api/core/config.go:92.59,94.3 1 0
github.com/Ethernal-Tech/cardano-api/core/config.go:96.2,100.81 3 0
github.com/Ethernal-Tech/cardano-api/core/config.go:100.81,103.17 2 0
github.com/Ethernal-Tech/cardano-api/core/config.go:103.17,107.4 2 0
github.com/Ethernal-Tech/cardano-api/core/config.go:109.3,110.10 2 0
github.com/Ethernal-Tech/cardano-api/core/config.go:110.10,115.4 2 0
github.com/Ethernal-Tech/cardano-api/core/config.go:117.3,118.10 2 0
github.com/Ethernal-Tech/cardano-api/core/config.go:118.10,123.4 2 0
github.com/Ethernal-Tech/cardano-api/core/config.go:125.3,137.13 3 0
github.com/Ethernal-Tech/cardano-api/core/config.go:140.2,140.12 1 0
github.com/Ethernal-Tech/cardano-api/core/config.go:143.98,144.108 1 0
github.com/Ethernal-Tech/cardano-api/core/config.go:144.108,146.3 1 0
github.com/Ethernal-Tech/cardano-api/core/config.go:148.2,148.96 1 0
github.com/Ethernal-Tech/cardano-api/core/config.go:148.96,150.3 1 0
github.com/Ethernal-Tech/cardano-api/core/config.go:152.2,152.17 1 0
github.com/Ethernal-Tech/cardano-api/core/config.go:155.106,158.62 2 0
github.com/Ethernal-Tech/cardano-api/core/config.go:158.62,160.17 2 0
github.com/Ethernal-Tech/cardano-api/core/config.go:160.17,162.4 1 0
github.com/Ethernal-Tech/cardano-api/core/config.go:164.3,164.24 1 0
github.com/Ethernal-Tech/cardano-api/core/config.go:167.2,167.51 1 0
github.com/Ethernal-Tech/cardano-api/core/config.go:167.51,169.3 1 0
github.com/Ethernal-Tech/cardano-api/core/config.go:171.2,171.20 1 0
github.com/Ethernal-Tech/cardano-api/core/config.go:176.39,178.16 2 0
github.com/Ethernal-Tech/cardano-api/core/config.go:178.16,180.3 1 0
github.com/Ethernal-Tech/cardano-api/core/config.go:182.2,183.17 2 0
github.com/Ethernal-Tech/cardano-api/core/config.go:183.17,185.3 1 0
github.com/Ethernal-Tech/cardano-api/core/config.go:187.2,199.8 1 0
github.com/Ethernal-Tech/cardano-api/core/config.go:204.22,207.50 2 0
github.com/Ethernal-Tech/cardano-api/core/config.go:207.50,209.3 1 0
github.com/Ethernal-Tech/cardano-api/core/config.go:211.2,213.3 1 0
github.com/Ethernal-Tech/cardano-api/api/utxo_transformer/skip_utxos_transformer.go:13.82,15.2 1 0
github.com/Ethernal-Tech/cardano-api/api/utxo_transformer/skip_utxos_transformer.go:17.65,17.66 0 0
github.com/Ethernal-Tech/cardano-api/api/utxo_transformer/used_utxo_cache_transformer.go:12.83,16.2 2 0
github.com/Ethernal-Tech/cardano-api/api/utxo_transformer/used_utxo_cache_transformer.go:18.74,20.2 1 0
github.com/Ethernal-Tech/cardano-api/api/utxo_transformer/used_utxo_cacher.go:21.63,26.2 1 1
github.com/Ethernal-Tech/cardano-api/api/utxo_transformer/used_utxo_cacher.go:28.70,37.44 4 4
github.com/Ethernal-Tech/cardano-api/api/utxo_transformer/used_utxo_cacher.go:37.44,40.3 2 2
github.com/Ethernal-Tech/cardano-api/api/utxo_transformer/used_utxo_cacher.go:40.8,42.3 1 2
github.com/Ethernal-Tech/cardano-api/api/utxo_transformer/used_utxo_cacher.go:45.2,45.27 1 4
github.com/Ethernal-Tech/cardano-api/api/utxo_transformer/used_utxo_cacher.go:45.27,46.34 1 4
github.com/Ethernal-Tech/cardano-api/api/utxo_transformer/used_utxo_cacher.go:46.34,48.4 1 4
github.com/Ethernal-Tech/cardano-api/api/utxo_transformer/used_utxo_cacher.go:52.2,52.29 1 4
github.com/Ethernal-Tech/cardano-api/api/utxo_transformer/used_utxo_cacher.go:52.29,57.3 1 6
github.com/Ethernal-Tech/cardano-api/api/utxo_transformer/used_utxo_cacher.go:60.60,67.13 5 6
github.com/Ethernal-Tech/cardano-api/api/utxo_transformer/used_utxo_cacher.go:67.13,69.3 1 0
github.com/Ethernal-Tech/cardano-api/api/utxo_transformer/used_utxo_cacher.go:71.2,74.27 2 6
github.com/Ethernal-Tech/cardano-api/api/utxo_transformer/used_utxo_cacher.go:74.27,75.34 1 8
github.com/Ethernal-Tech/cardano-api/api/utxo_transformer/used_utxo_cacher.go:75.34,77.4 1 2
github.com/Ethernal-Tech/cardano-api/api/utxo_transformer/used_utxo_cacher.go:77.9,79.4 1 6
github.com/Ethernal-Tech/cardano-api/api/utxo_transformer/used_utxo_cacher.go:82.2,82.15 1 6
github.com/Ethernal-Tech/cardano-api/api/utxo_transformer/utils.go:5.86,7.42 2 0
github.com/Ethernal-Tech/cardano-api/api/utxo_transformer/utils.go:7.42,9.3 1 0
github.com/Ethernal-Tech/cardano-api/api/utxo_transformer/utils.go:11.2,13.29 2 0
github.com/Ethernal-Tech/cardano-api/api/utxo_transformer/utils.go:13.29,18.56 2 0
github.com/Ethernal-Tech/cardano-api/api/utxo_transformer/utils.go:18.56,20.4 1 0
github.com/Ethernal-Tech/cardano-api/api/utxo_transformer/utils.go:23.2,23.22 1 0
github.com/Ethernal-Tech/cardano-api/gorules/rules.go:7.42,15.2 1 0
github.com/Ethernal-Tech/cardano-api/gorules/rules.go:17.38,19.2 1 0
github.com/Ethernal-Tech/cardano-api/gorules/rules.go:21.50,35.2 2 0
